
2018-01-19 12:18:00
[INFO]-[Thread: main]-[com.alibaba.druid.pool.DruidDataSource.init()]: {dataSource-1} inited

2018-01-19 13:59:26
[INFO]-[Thread: qtp675137585-19]-[com.demo.admin.AdminController.projectindex()]: [{createtime:2018-01-16 17:56:52.0, update_time:2018-01-24 15:54:05.0, projectname:青云决, projectid:2, belongcompany:1}, {createtime:2018-01-16 18:27:44.0, update_time:2018-01-17 15:54:12.0, projectname:青云志, projectid:4, belongcompany:1}, {createtime:2018-01-17 15:24:53.0, update_time:2018-01-17 15:54:15.0, projectname:妖界奇缘, projectid:5, belongcompany:1}, {createtime:2018-01-17 16:46:56.0, update_time:2018-01-17 16:46:56.0, projectname:清云居, projectid:7, belongcompany:1}, {createtime:2018-01-18 15:33:54.0, update_time:2018-01-18 15:33:54.0, projectname:null, projectid:8, belongcompany:1}]

2018-01-19 14:19:28
[INFO]-[Thread: qtp675137585-19]-[com.demo.admin.AdminController.projectindex()]: [{createtime:2018-01-16 17:56:52.0, update_time:2018-01-24 15:54:05.0, projectname:青云决, projectid:2, belongcompany:1}, {createtime:2018-01-16 18:27:44.0, update_time:2018-01-17 15:54:12.0, projectname:青云志, projectid:4, belongcompany:1}, {createtime:2018-01-17 15:24:53.0, update_time:2018-01-17 15:54:15.0, projectname:妖界奇缘, projectid:5, belongcompany:1}, {createtime:2018-01-17 16:46:56.0, update_time:2018-01-17 16:46:56.0, projectname:清云居, projectid:7, belongcompany:1}]

2018-01-19 14:25:49
[INFO]-[Thread: JFinal-Scanner]-[com.alibaba.druid.pool.DruidDataSource.close()]: {dataSource-1} closed

2018-01-19 14:25:50
[INFO]-[Thread: JFinal-Scanner]-[com.alibaba.druid.pool.DruidDataSource.init()]: {dataSource-1} inited

2018-01-19 15:18:55
[INFO]-[Thread: main]-[com.alibaba.druid.pool.DruidDataSource.init()]: {dataSource-1} inited

2018-01-19 15:29:52
[INFO]-[Thread: JFinal-Scanner]-[com.alibaba.druid.pool.DruidDataSource.close()]: {dataSource-1} closed

2018-01-19 15:29:53
[INFO]-[Thread: JFinal-Scanner]-[com.alibaba.druid.pool.DruidDataSource.init()]: {dataSource-1} inited

2018-01-19 15:29:53
[ERROR]-[Thread: JFinal-Scanner]-[com.jfinal.core.Config.startPlugins()]: Plugin start error: com.jfinal.plugin.activerecord.ActiveRecordPlugin. 
com.mysql.jdbc.exceptions.jdbc4.MySQLSyntaxErrorException: Table 'jfinal_demo.packinglist' doesn't exist
com.jfinal.plugin.activerecord.ActiveRecordException: com.mysql.jdbc.exceptions.jdbc4.MySQLSyntaxErrorException: Table 'jfinal_demo.packinglist' doesn't exist
	at com.jfinal.plugin.activerecord.TableBuilder.build(TableBuilder.java:55)
	at com.jfinal.plugin.activerecord.ActiveRecordPlugin.start(ActiveRecordPlugin.java:226)
	at com.jfinal.core.Config.startPlugins(Config.java:107)
	at com.jfinal.core.Config.configJFinal(Config.java:51)
	at com.jfinal.core.JFinal.init(JFinal.java:63)
	at com.jfinal.core.JFinalFilter.init(JFinalFilter.java:49)
	at org.eclipse.jetty.servlet.FilterHolder.doStart(FilterHolder.java:119)
	at org.eclipse.jetty.util.component.AbstractLifeCycle.start(AbstractLifeCycle.java:64)
	at org.eclipse.jetty.servlet.ServletHandler.initialize(ServletHandler.java:724)
	at org.eclipse.jetty.servlet.ServletContextHandler.startContext(ServletContextHandler.java:265)
	at org.eclipse.jetty.webapp.WebAppContext.startContext(WebAppContext.java:1250)
	at org.eclipse.jetty.server.handler.ContextHandler.doStart(ContextHandler.java:706)
	at org.eclipse.jetty.webapp.WebAppContext.doStart(WebAppContext.java:492)
	at org.eclipse.jetty.util.component.AbstractLifeCycle.start(AbstractLifeCycle.java:64)
	at com.jfinal.server.JettyServer$1.onChange(JettyServer.java:119)
	at com.jfinal.server.Scanner.compare(Scanner.java:88)
	at com.jfinal.server.Scanner.working(Scanner.java:57)
	at com.jfinal.server.Scanner.access$000(Scanner.java:31)
	at com.jfinal.server.Scanner$1.run(Scanner.java:94)
	at java.util.TimerThread.mainLoop(Unknown Source)
	at java.util.TimerThread.run(Unknown Source)
Caused by: com.mysql.jdbc.exceptions.jdbc4.MySQLSyntaxErrorException: Table 'jfinal_demo.packinglist' doesn't exist
	at sun.reflect.NativeConstructorAccessorImpl.newInstance0(Native Method)
	at sun.reflect.NativeConstructorAccessorImpl.newInstance(Unknown Source)
	at sun.reflect.DelegatingConstructorAccessorImpl.newInstance(Unknown Source)
	at java.lang.reflect.Constructor.newInstance(Unknown Source)
	at com.mysql.jdbc.Util.handleNewInstance(Util.java:425)
	at com.mysql.jdbc.Util.getInstance(Util.java:408)
	at com.mysql.jdbc.SQLError.createSQLException(SQLError.java:943)
	at com.mysql.jdbc.MysqlIO.checkErrorPacket(MysqlIO.java:3973)
	at com.mysql.jdbc.MysqlIO.checkErrorPacket(MysqlIO.java:3909)
	at com.mysql.jdbc.MysqlIO.sendCommand(MysqlIO.java:2527)
	at com.mysql.jdbc.MysqlIO.sqlQueryDirect(MysqlIO.java:2680)
	at com.mysql.jdbc.ConnectionImpl.execSQL(ConnectionImpl.java:2483)
	at com.mysql.jdbc.ConnectionImpl.execSQL(ConnectionImpl.java:2441)
	at com.mysql.jdbc.StatementImpl.executeQuery(StatementImpl.java:1381)
	at com.alibaba.druid.pool.DruidPooledStatement.executeQuery(DruidPooledStatement.java:140)
	at com.jfinal.plugin.activerecord.TableBuilder.doBuild(TableBuilder.java:71)
	at com.jfinal.plugin.activerecord.TableBuilder.build(TableBuilder.java:47)
	... 20 more

2018-01-19 15:29:53
[ERROR]-[Thread: JFinal-Scanner]-[com.jfinal.kit.LogKit.error()]: Plugin start error: com.jfinal.plugin.activerecord.ActiveRecordPlugin. 
com.mysql.jdbc.exceptions.jdbc4.MySQLSyntaxErrorException: Table 'jfinal_demo.packinglist' doesn't exist
java.lang.RuntimeException: Plugin start error: com.jfinal.plugin.activerecord.ActiveRecordPlugin. 
com.mysql.jdbc.exceptions.jdbc4.MySQLSyntaxErrorException: Table 'jfinal_demo.packinglist' doesn't exist
	at com.jfinal.core.Config.startPlugins(Config.java:116)
	at com.jfinal.core.Config.configJFinal(Config.java:51)
	at com.jfinal.core.JFinal.init(JFinal.java:63)
	at com.jfinal.core.JFinalFilter.init(JFinalFilter.java:49)
	at org.eclipse.jetty.servlet.FilterHolder.doStart(FilterHolder.java:119)
	at org.eclipse.jetty.util.component.AbstractLifeCycle.start(AbstractLifeCycle.java:64)
	at org.eclipse.jetty.servlet.ServletHandler.initialize(ServletHandler.java:724)
	at org.eclipse.jetty.servlet.ServletContextHandler.startContext(ServletContextHandler.java:265)
	at org.eclipse.jetty.webapp.WebAppContext.startContext(WebAppContext.java:1250)
	at org.eclipse.jetty.server.handler.ContextHandler.doStart(ContextHandler.java:706)
	at org.eclipse.jetty.webapp.WebAppContext.doStart(WebAppContext.java:492)
	at org.eclipse.jetty.util.component.AbstractLifeCycle.start(AbstractLifeCycle.java:64)
	at com.jfinal.server.JettyServer$1.onChange(JettyServer.java:119)
	at com.jfinal.server.Scanner.compare(Scanner.java:88)
	at com.jfinal.server.Scanner.working(Scanner.java:57)
	at com.jfinal.server.Scanner.access$000(Scanner.java:31)
	at com.jfinal.server.Scanner$1.run(Scanner.java:94)
	at java.util.TimerThread.mainLoop(Unknown Source)
	at java.util.TimerThread.run(Unknown Source)
Caused by: com.jfinal.plugin.activerecord.ActiveRecordException: com.mysql.jdbc.exceptions.jdbc4.MySQLSyntaxErrorException: Table 'jfinal_demo.packinglist' doesn't exist
	at com.jfinal.plugin.activerecord.TableBuilder.build(TableBuilder.java:55)
	at com.jfinal.plugin.activerecord.ActiveRecordPlugin.start(ActiveRecordPlugin.java:226)
	at com.jfinal.core.Config.startPlugins(Config.java:107)
	... 18 more
Caused by: com.mysql.jdbc.exceptions.jdbc4.MySQLSyntaxErrorException: Table 'jfinal_demo.packinglist' doesn't exist
	at sun.reflect.NativeConstructorAccessorImpl.newInstance0(Native Method)
	at sun.reflect.NativeConstructorAccessorImpl.newInstance(Unknown Source)
	at sun.reflect.DelegatingConstructorAccessorImpl.newInstance(Unknown Source)
	at java.lang.reflect.Constructor.newInstance(Unknown Source)
	at com.mysql.jdbc.Util.handleNewInstance(Util.java:425)
	at com.mysql.jdbc.Util.getInstance(Util.java:408)
	at com.mysql.jdbc.SQLError.createSQLException(SQLError.java:943)
	at com.mysql.jdbc.MysqlIO.checkErrorPacket(MysqlIO.java:3973)
	at com.mysql.jdbc.MysqlIO.checkErrorPacket(MysqlIO.java:3909)
	at com.mysql.jdbc.MysqlIO.sendCommand(MysqlIO.java:2527)
	at com.mysql.jdbc.MysqlIO.sqlQueryDirect(MysqlIO.java:2680)
	at com.mysql.jdbc.ConnectionImpl.execSQL(ConnectionImpl.java:2483)
	at com.mysql.jdbc.ConnectionImpl.execSQL(ConnectionImpl.java:2441)
	at com.mysql.jdbc.StatementImpl.executeQuery(StatementImpl.java:1381)
	at com.alibaba.druid.pool.DruidPooledStatement.executeQuery(DruidPooledStatement.java:140)
	at com.jfinal.plugin.activerecord.TableBuilder.doBuild(TableBuilder.java:71)
	at com.jfinal.plugin.activerecord.TableBuilder.build(TableBuilder.java:47)
	... 20 more

2018-01-19 15:30:29
[INFO]-[Thread: main]-[com.alibaba.druid.pool.DruidDataSource.init()]: {dataSource-1} inited

2018-01-19 15:32:09
[INFO]-[Thread: JFinal-Scanner]-[com.alibaba.druid.pool.DruidDataSource.close()]: {dataSource-1} closed

2018-01-19 15:32:09
[INFO]-[Thread: JFinal-Scanner]-[com.alibaba.druid.pool.DruidDataSource.init()]: {dataSource-1} inited

2018-01-19 15:49:29
[INFO]-[Thread: JFinal-Scanner]-[com.alibaba.druid.pool.DruidDataSource.close()]: {dataSource-1} closed

2018-01-19 15:49:30
[INFO]-[Thread: JFinal-Scanner]-[com.alibaba.druid.pool.DruidDataSource.init()]: {dataSource-1} inited

2018-01-19 16:20:53
[INFO]-[Thread: JFinal-Scanner]-[com.alibaba.druid.pool.DruidDataSource.close()]: {dataSource-1} closed

2018-01-19 16:20:54
[INFO]-[Thread: JFinal-Scanner]-[com.alibaba.druid.pool.DruidDataSource.init()]: {dataSource-1} inited

2018-01-19 16:24:40
[INFO]-[Thread: JFinal-Scanner]-[com.alibaba.druid.pool.DruidDataSource.close()]: {dataSource-1} closed

2018-01-19 16:24:41
[INFO]-[Thread: JFinal-Scanner]-[com.alibaba.druid.pool.DruidDataSource.init()]: {dataSource-1} inited

2018-01-19 16:26:36
[INFO]-[Thread: JFinal-Scanner]-[com.alibaba.druid.pool.DruidDataSource.close()]: {dataSource-1} closed

2018-01-19 16:26:37
[INFO]-[Thread: JFinal-Scanner]-[com.alibaba.druid.pool.DruidDataSource.init()]: {dataSource-1} inited

2018-01-19 16:28:27
[INFO]-[Thread: JFinal-Scanner]-[com.alibaba.druid.pool.DruidDataSource.close()]: {dataSource-1} closed

2018-01-19 16:28:28
[INFO]-[Thread: JFinal-Scanner]-[com.alibaba.druid.pool.DruidDataSource.init()]: {dataSource-1} inited

2018-01-19 16:34:31
[INFO]-[Thread: JFinal-Scanner]-[com.alibaba.druid.pool.DruidDataSource.close()]: {dataSource-1} closed

2018-01-19 16:34:32
[INFO]-[Thread: JFinal-Scanner]-[com.alibaba.druid.pool.DruidDataSource.init()]: {dataSource-1} inited

2018-01-19 16:36:48
[INFO]-[Thread: qtp675137585-19]-[com.demo.admin.AdminController.projectindex()]: [{createtime:2018-01-16 17:56:52.0, update_time:2018-01-24 15:54:05.0, projectname:青云决, projectid:2, belongcompany:1}, {createtime:2018-01-16 18:27:44.0, update_time:2018-01-17 15:54:12.0, projectname:青云志, projectid:4, belongcompany:1}, {createtime:2018-01-17 15:24:53.0, update_time:2018-01-17 15:54:15.0, projectname:妖界奇缘, projectid:5, belongcompany:1}, {createtime:2018-01-17 16:46:56.0, update_time:2018-01-17 16:46:56.0, projectname:清云居, projectid:7, belongcompany:1}]

2018-01-19 16:36:57
[INFO]-[Thread: qtp675137585-21]-[com.demo.admin.AdminController.projectindex()]: [{createtime:2018-01-16 17:56:52.0, update_time:2018-01-24 15:54:05.0, projectname:青云决, projectid:2, belongcompany:1}, {createtime:2018-01-16 18:27:44.0, update_time:2018-01-17 15:54:12.0, projectname:青云志, projectid:4, belongcompany:1}, {createtime:2018-01-17 15:24:53.0, update_time:2018-01-17 15:54:15.0, projectname:妖界奇缘, projectid:5, belongcompany:1}, {createtime:2018-01-17 16:46:56.0, update_time:2018-01-17 16:46:56.0, projectname:清云居, projectid:7, belongcompany:1}, {createtime:2018-01-19 16:36:57.0, update_time:2018-01-19 16:36:57.0, projectname:文磊, projectid:9, belongcompany:1}]

2018-01-19 16:54:33
[INFO]-[Thread: JFinal-Scanner]-[com.alibaba.druid.pool.DruidDataSource.close()]: {dataSource-1} closed

2018-01-19 16:54:34
[INFO]-[Thread: JFinal-Scanner]-[com.alibaba.druid.pool.DruidDataSource.init()]: {dataSource-1} inited

2018-01-19 17:31:51
[INFO]-[Thread: JFinal-Scanner]-[com.alibaba.druid.pool.DruidDataSource.close()]: {dataSource-1} closed

2018-01-19 17:31:52
[INFO]-[Thread: JFinal-Scanner]-[com.alibaba.druid.pool.DruidDataSource.init()]: {dataSource-1} inited

2018-01-19 17:31:58
[INFO]-[Thread: qtp675137585-20]-[com.demo.admin.AdminController.childpackagelistindex()]: []

2018-01-19 17:33:18
[INFO]-[Thread: main]-[com.alibaba.druid.pool.DruidDataSource.init()]: {dataSource-1} inited

2018-01-19 17:33:31
[INFO]-[Thread: qtp675137585-19]-[com.demo.admin.AdminController.childpackagelistindex()]: []

2018-01-19 17:55:51
[INFO]-[Thread: JFinal-Scanner]-[com.alibaba.druid.pool.DruidDataSource.close()]: {dataSource-1} closed

2018-01-19 17:55:51
[INFO]-[Thread: JFinal-Scanner]-[com.alibaba.druid.pool.DruidDataSource.init()]: {dataSource-1} inited

2018-01-19 17:56:31
[INFO]-[Thread: JFinal-Scanner]-[com.alibaba.druid.pool.DruidDataSource.close()]: {dataSource-1} closed

2018-01-19 17:56:31
[INFO]-[Thread: JFinal-Scanner]-[com.alibaba.druid.pool.DruidDataSource.init()]: {dataSource-1} inited

2018-01-19 17:56:41
[INFO]-[Thread: JFinal-Scanner]-[com.alibaba.druid.pool.DruidDataSource.close()]: {dataSource-1} closed

2018-01-19 17:56:42
[INFO]-[Thread: JFinal-Scanner]-[com.alibaba.druid.pool.DruidDataSource.init()]: {dataSource-1} inited

2018-01-19 18:07:31
[INFO]-[Thread: qtp675137585-21]-[com.demo.admin.AdminController.childpackagelistindex()]: []

2018-01-19 18:17:59
[INFO]-[Thread: qtp675137585-21]-[com.demo.admin.AdminController.childpackagelistindex()]: []

2018-01-19 18:26:29
[INFO]-[Thread: JFinal-Scanner]-[com.alibaba.druid.pool.DruidDataSource.close()]: {dataSource-1} closed

2018-01-19 18:26:30
[INFO]-[Thread: JFinal-Scanner]-[com.alibaba.druid.pool.DruidDataSource.init()]: {dataSource-1} inited

2018-01-19 18:27:17
[INFO]-[Thread: main]-[com.alibaba.druid.pool.DruidDataSource.init()]: {dataSource-1} inited

2018-01-19 18:27:30
[INFO]-[Thread: JFinal-Scanner]-[com.alibaba.druid.pool.DruidDataSource.close()]: {dataSource-1} closed

2018-01-19 18:28:39
[INFO]-[Thread: main]-[com.alibaba.druid.pool.DruidDataSource.init()]: {dataSource-1} inited

2018-01-19 18:28:48
[ERROR]-[Thread: main]-[com.jfinal.kit.LogKit.error()]: port: 8888 already in use!
java.lang.IllegalStateException: port: 8888 already in use!
	at com.jfinal.server.JettyServer.doStart(JettyServer.java:87)
	at com.jfinal.server.JettyServer.start(JettyServer.java:70)
	at com.jfinal.core.JFinal.start(JFinal.java:162)
	at com.demo.common.DemoConfig.main(DemoConfig.java:39)

2018-01-19 18:36:01
[INFO]-[Thread: main]-[com.alibaba.druid.pool.DruidDataSource.init()]: {dataSource-1} inited
